# JRE version: Java(TM) SE Runtime Environment (8.0_25-b17) (build 1.8.0_25-b17)
# Java VM: Java HotSpot(TM) 64-Bit Server VM (25.25-b02 mixed mode linux-amd64 compressed oops)
Heap:
 par new generation   total 39296K, used 19560K [0x00000000d1200000, 0x00000000d3ca0000, 0x00000000e0c00000)
  eden space 34944K,  53% used [0x00000000d1200000, 0x00000000d243c8d0, 0x00000000d3420000)
  from space 4352K,  20% used [0x00000000d3860000, 0x00000000d393d790, 0x00000000d3ca0000)
  to   space 4352K,   0% used [0x00000000d3420000, 0x00000000d3420000, 0x00000000d3860000)
 concurrent mark-sweep generation total 104736K, used 81052K [0x00000000e0c00000, 0x00000000e7248000, 0x0000000100000000)
 Metaspace       used 87527K, capacity 89392K, committed 90020K, reserved 1126400K
  class space    used 12592K, capacity 13226K, committed 13252K, reserved 1048576K
GC Heap History (10 events):
Event: 55,652 GC heap before
{Heap before GC invocations=28 (full 3):
 par new generation   total 39296K, used 36110K [0x00000000d1200000, 0x00000000d3ca0000, 0x00000000e0c00000)
  eden space 34944K, 100% used [0x00000000d1200000, 0x00000000d3420000, 0x00000000d3420000)
  from space 4352K,  26% used [0x00000000d3420000, 0x00000000d3543a50, 0x00000000d3860000)
  to   space 4352K,   0% used [0x00000000d3860000, 0x00000000d3860000, 0x00000000d3ca0000)
 concurrent mark-sweep generation total 104736K, used 80438K [0x00000000e0c00000, 0x00000000e7248000, 0x0000000100000000)
 Metaspace       used 86660K, capacity 88476K, committed 88996K, reserved 1124352K
  class space    used 12529K, capacity 13148K, committed 13252K, reserved 1048576K
Event: 55,656 GC heap after
Heap after GC invocations=29 (full 3):
 par new generation   total 39296K, used 844K [0x00000000d1200000, 0x00000000d3ca0000, 0x00000000e0c00000)
  eden space 34944K,   0% used [0x00000000d1200000, 0x00000000d1200000, 0x00000000d3420000)
  from space 4352K,  19% used [0x00000000d3860000, 0x00000000d3933090, 0x00000000d3ca0000)
  to   space 4352K,   0% used [0x00000000d3420000, 0x00000000d3420000, 0x00000000d3860000)
 concurrent mark-sweep generation total 104736K, used 80779K [0x00000000e0c00000, 0x00000000e7248000, 0x0000000100000000)
 Metaspace       used 86660K, capacity 88476K, committed 88996K, reserved 1124352K
  class space    used 12529K, capacity 13148K, committed 13252K, reserved 1048576K
}
Event: 66,034 GC heap before
{Heap before GC invocations=29 (full 3):
 par new generation   total 39296K, used 35788K [0x00000000d1200000, 0x00000000d3ca0000, 0x00000000e0c00000)
  eden space 34944K, 100% used [0x00000000d1200000, 0x00000000d3420000, 0x00000000d3420000)
  from space 4352K,  19% used [0x00000000d3860000, 0x00000000d3933090, 0x00000000d3ca0000)
  to   space 4352K,   0% used [0x00000000d3420000, 0x00000000d3420000, 0x00000000d3860000)
 concurrent mark-sweep generation total 104736K, used 80779K [0x00000000e0c00000, 0x00000000e7248000, 0x0000000100000000)
 Metaspace       used 86721K, capacity 88540K, committed 89252K, reserved 1126400K
  class space    used 12531K, capacity 13148K, committed 13252K, reserved 1048576K
Event: 66,041 GC heap after
Heap after GC invocations=30 (full 3):
 par new generation   total 39296K, used 382K [0x00000000d1200000, 0x00000000d3ca0000, 0x00000000e0c00000)
  eden space 34944K,   0% used [0x00000000d1200000, 0x00000000d1200000, 0x00000000d3420000)
  from space 4352K,   8% used [0x00000000d3420000, 0x00000000d347fb50, 0x00000000d3860000)
  to   space 4352K,   0% used [0x00000000d3860000, 0x00000000d3860000, 0x00000000d3ca0000)
 concurrent mark-sweep generation total 104736K, used 81029K [0x00000000e0c00000, 0x00000000e7248000, 0x0000000100000000)
 Metaspace       used 86721K, capacity 88540K, committed 89252K, reserved 1126400K
  class space    used 12531K, capacity 13148K, committed 13252K, reserved 1048576K
}
Event: 98,792 GC heap before
{Heap before GC invocations=30 (full 3):
 par new generation   total 39296K, used 35326K [0x00000000d1200000, 0x00000000d3ca0000, 0x00000000e0c00000)
  eden space 34944K, 100% used [0x00000000d1200000, 0x00000000d3420000, 0x00000000d3420000)
  from space 4352K,   8% used [0x00000000d3420000, 0x00000000d347fb50, 0x00000000d3860000)
  to   space 4352K,   0% used [0x00000000d3860000, 0x00000000d3860000, 0x00000000d3ca0000)
 concurrent mark-sweep generation total 104736K, used 81029K [0x00000000e0c00000, 0x00000000e7248000, 0x0000000100000000)
 Metaspace       used 87075K, capacity 88878K, committed 89508K, reserved 1126400K
  class space    used 12556K, capacity 13151K, committed 13252K, reserved 1048576K
Event: 98,799 GC heap after
Heap after GC invocations=31 (full 3):
 par new generation   total 39296K, used 932K [0x00000000d1200000, 0x00000000d3ca0000, 0x00000000e0c00000)
  eden space 34944K,   0% used [0x00000000d1200000, 0x00000000d1200000, 0x00000000d3420000)
  from space 4352K,  21% used [0x00000000d3860000, 0x00000000d3949050, 0x00000000d3ca0000)
  to   space 4352K,   0% used [0x00000000d3420000, 0x00000000d3420000, 0x00000000d3860000)
 concurrent mark-sweep generation total 104736K, used 81032K [0x00000000e0c00000, 0x00000000e7248000, 0x0000000100000000)
 Metaspace       used 87075K, capacity 88878K, committed 89508K, reserved 1126400K
  class space    used 12556K, capacity 13151K, committed 13252K, reserved 1048576K
}
Event: 165,002 GC heap before
{Heap before GC invocations=31 (full 3):
 par new generation   total 39296K, used 35876K [0x00000000d1200000, 0x00000000d3ca0000, 0x00000000e0c00000)
  eden space 34944K, 100% used [0x00000000d1200000, 0x00000000d3420000, 0x00000000d3420000)
  from space 4352K,  21% used [0x00000000d3860000, 0x00000000d3949050, 0x00000000d3ca0000)
  to   space 4352K,   0% used [0x00000000d3420000, 0x00000000d3420000, 0x00000000d3860000)
 concurrent mark-sweep generation total 104736K, used 81032K [0x00000000e0c00000, 0x00000000e7248000, 0x0000000100000000)
 Metaspace       used 87425K, capacity 89298K, committed 89764K, reserved 1126400K
  class space    used 12588K, capacity 13221K, committed 13252K, reserved 1048576K
Event: 165,011 GC heap after
Heap after GC invocations=32 (full 3):
 par new generation   total 39296K, used 1304K [0x00000000d1200000, 0x00000000d3ca0000, 0x00000000e0c00000)
  eden space 34944K,   0% used [0x00000000d1200000, 0x00000000d1200000, 0x00000000d3420000)
  from space 4352K,  29% used [0x00000000d3420000, 0x00000000d3566110, 0x00000000d3860000)
  to   space 4352K,   0% used [0x00000000d3860000, 0x00000000d3860000, 0x00000000d3ca0000)
 concurrent mark-sweep generation total 104736K, used 81051K [0x00000000e0c00000, 0x00000000e7248000, 0x0000000100000000)
 Metaspace       used 87425K, capacity 89298K, committed 89764K, reserved 1126400K
  class space    used 12588K, capacity 13221K, committed 13252K, reserved 1048576K
}
Event: 227,745 GC heap before
{Heap before GC invocations=32 (full 3):
 par new generation   total 39296K, used 36248K [0x00000000d1200000, 0x00000000d3ca0000, 0x00000000e0c00000)
  eden space 34944K, 100% used [0x00000000d1200000, 0x00000000d3420000, 0x00000000d3420000)
  from space 4352K,  29% used [0x00000000d3420000, 0x00000000d3566110, 0x00000000d3860000)
  to   space 4352K,   0% used [0x00000000d3860000, 0x00000000d3860000, 0x00000000d3ca0000)
 concurrent mark-sweep generation total 104736K, used 81051K [0x00000000e0c00000, 0x00000000e7248000, 0x0000000100000000)
 Metaspace       used 87436K, capacity 89362K, committed 90020K, reserved 1126400K
  class space    used 12588K, capacity 13221K, committed 13252K, reserved 1048576K
Event: 227,752 GC heap after
Heap after GC invocations=33 (full 3):
 par new generation   total 39296K, used 885K [0x00000000d1200000, 0x00000000d3ca0000, 0x00000000e0c00000)
  eden space 34944K,   0% used [0x00000000d1200000, 0x00000000d1200000, 0x00000000d3420000)
  from space 4352K,  20% used [0x00000000d3860000, 0x00000000d393d790, 0x00000000d3ca0000)
  to   space 4352K,   0% used [0x00000000d3420000, 0x00000000d3420000, 0x00000000d3860000)
 concurrent mark-sweep generation total 104736K, used 81052K [0x00000000e0c00000, 0x00000000e7248000, 0x0000000100000000)
 Metaspace       used 87436K, capacity 89362K, committed 90020K, reserved 1126400K
  class space    used 12588K, capacity 13221K, committed 13252K, reserved 1048576K
}

